[+] Containers:
 |- [+] Container: /Game/MyAssets/Maps/2_Shop/Part1/Map_2_Shop_P1
 |   |- [+] ActorDescs:
 |   |   |- Guid:0819266C456C2A7840B3AF96C921D49A BaseClass: NativeClass:/Script/NavigationSystem.NavMeshBoundsVolume Name:NavMeshBoundsVolume_UAID_A036BCAD7282C36C02_1337743864 Label:NavMeshBoundsVolume SpatiallyLoaded:0 Bounds:IsValid=true, Min=(X=-25.000 Y=-35.000 Z=-35.000), Max=(X=825.000 Y=1515.000 Z=15.000) RuntimeGrid:None EditorOnly:0 RuntimeOnly:0 HLODRelevant:0 ListedInSceneOutliner:1 IsMainWorldOnly:0 FolderPath:Room1 FolderGuid:54EB6A9C41BED8D7A4D226BBF1C358E3
 |   |   |- Guid:1EF4F7174D2255518C5EEE8AE719935B BaseClass:/Game/MyAssets/Blueprints/Environment/Interactables/2_Shop/Part1/BP_ShopCounter.BP_ShopCounter_C NativeClass:/Script/Engine.Actor Name:BP_ShopCounter_C_UAID_A036BCAD7282B56C02_2055587404 Label:BP_ShopCounter SpatiallyLoaded:1 Bounds:IsValid=true, Min=(X=463.810 Y=99.198 Z=-31.180), Max=(X=563.810 Y=433.266 Z=73.102) RuntimeGrid:None EditorOnly:0 RuntimeOnly:0 HLODRelevant:0 ListedInSceneOutliner:1 IsMainWorldOnly:0 FolderPath:Room1 FolderGuid:54EB6A9C41BED8D7A4D226BBF1C358E3
 |   |   |- Guid:2EB1345E46ACBDFE3104D58A7B68FDC7 BaseClass: NativeClass:/Script/Engine.PostProcessVolume Name:PostProcessVolume_0 Label:PostProcessVolume SpatiallyLoaded:0 Bounds:IsValid=true, Min=(X=0.000 Y=0.000 Z=400.000), Max=(X=200.000 Y=200.000 Z=600.000) RuntimeGrid:None EditorOnly:0 RuntimeOnly:0 HLODRelevant:0 ListedInSceneOutliner:1 IsMainWorldOnly:0 FolderPath:Lighting+More FolderGuid:963EC3EB4002CCE9759E2EBA541A873A
 |   |   |- Guid:2F32028E4F6DCF275799FAAAC4B70A40 BaseClass: NativeClass:/Script/Engine.StaticMeshActor Name:StaticMeshActor_UAID_A036BCAD7282B56C02_1277495401 Label:StoneWall3 SpatiallyLoaded:1 Bounds:IsValid=true, Min=(X=700.380 Y=99.856 Z=-30.000), Max=(X=800.380 Y=1401.583 Z=20.000) RuntimeGrid:None EditorOnly:0 RuntimeOnly:0 HLODRelevant:1 ListedInSceneOutliner:1 IsMainWorldOnly:0 FolderPath:Room1/Walls FolderGuid:EC688EC6415BDE63777E38B840114B0D
 |   |   |- Guid:4A577DAE4E35721094DD36ADE87EFE3D BaseClass: NativeClass:/Script/Engine.PlayerStart Name:PlayerStart_UAID_A036BCAD7282236B02_1220117648 Label:PlayerStart SpatiallyLoaded:0 Bounds:IsValid=true, Min=(X=122.663 Y=715.824 Z=104.526), Max=(X=202.663 Y=795.824 Z=288.526) RuntimeGrid:None EditorOnly:0 RuntimeOnly:0 HLODRelevant:0 ListedInSceneOutliner:1 IsMainWorldOnly:0 FolderPath:Room1 FolderGuid:54EB6A9C41BED8D7A4D226BBF1C358E3
 |   |   |- Guid:5D5E86C045B2E8FEF958EC90066153AB BaseClass: NativeClass:/Script/Engine.VolumetricCloud Name:VolumetricCloud_0 Label:VolumetricCloud SpatiallyLoaded:0 Bounds:IsValid=true, Min=(X=0.000 Y=0.000 Z=820.000), Max=(X=0.000 Y=0.000 Z=820.000) RuntimeGrid:None EditorOnly:0 RuntimeOnly:0 HLODRelevant:0 ListedInSceneOutliner:1 IsMainWorldOnly:0 FolderPath:Lighting+More FolderGuid:963EC3EB4002CCE9759E2EBA541A873A
 |   |   |- Guid:7660C8944E2912C1E6CF0081C1C02058 BaseClass: NativeClass:/Script/NavigationSystem.RecastNavMesh Name:RecastNavMesh_UAID_A036BCAD7282C36C02-Default Label:RecastNavMesh-Default SpatiallyLoaded:0 Bounds:IsValid=true, Min=(X=0.000 Y=0.000 Z=0.000), Max=(X=0.000 Y=0.000 Z=0.000) RuntimeGrid:None EditorOnly:0 RuntimeOnly:0 HLODRelevant:0 ListedInSceneOutliner:1 IsMainWorldOnly:0 FolderPath:Room1 FolderGuid:54EB6A9C41BED8D7A4D226BBF1C358E3
 |   |   |- Guid:77388EE146B5E0A40BE1F5958DB39E3A BaseClass:/Game/MyAssets/Blueprints/AI/2_Shop/Part1/AI_ShopKeeper.AI_ShopKeeper_C NativeClass:/Script/Engine.Character Name:AI_ShopKeeper_C_UAID_A036BCAD7282B66C02_1281040581 Label:AI_ShopKeeper SpatiallyLoaded:1 Bounds:IsValid=true, Min=(X=603.082 Y=247.064 Z=-30.967), Max=(X=678.821 Y=358.910 Z=243.387) RuntimeGrid:None EditorOnly:0 RuntimeOnly:0 HLODRelevant:0 ListedInSceneOutliner:1 IsMainWorldOnly:0 FolderPath:Room1 FolderGuid:54EB6A9C41BED8D7A4D226BBF1C358E3
 |   |   |- Guid:7AFCC0E146791856FDD291B7558CEFBC BaseClass: NativeClass:/Script/Engine.ExponentialHeightFog Name:ExponentialHeightFog_0 Label:ExponentialHeightFog SpatiallyLoaded:0 Bounds:IsValid=true, Min=(X=-5600.000 Y=-50.000 Z=-6850.000), Max=(X=-5600.000 Y=-50.000 Z=-6850.000) RuntimeGrid:None EditorOnly:0 RuntimeOnly:0 HLODRelevant:0 ListedInSceneOutliner:1 IsMainWorldOnly:0 FolderPath:Lighting+More FolderGuid:963EC3EB4002CCE9759E2EBA541A873A
 |   |   |- Guid:8A36FE0E462560352E548CA1866DA24A BaseClass: NativeClass:/Script/Engine.SkyAtmosphere Name:SkyAtmosphere_0 Label:SkyAtmosphere SpatiallyLoaded:0 Bounds:IsValid=true, Min=(X=0.000 Y=0.000 Z=1020.000), Max=(X=0.000 Y=0.000 Z=1020.000) RuntimeGrid:None EditorOnly:0 RuntimeOnly:0 HLODRelevant:0 ListedInSceneOutliner:1 IsMainWorldOnly:0 FolderPath:Lighting+More FolderGuid:963EC3EB4002CCE9759E2EBA541A873A
 |   |   |- Guid:98ED709645202B5ACEC5F29E2796893F BaseClass: NativeClass:/Script/Engine.StaticMeshActor Name:StaticMeshActor_UAID_A036BCAD7282B46C02_2132189223 Label:StoneWall SpatiallyLoaded:1 Bounds:IsValid=true, Min=(X=0.000 Y=-0.000 Z=-30.000), Max=(X=800.000 Y=100.000 Z=20.000) RuntimeGrid:None EditorOnly:0 RuntimeOnly:0 HLODRelevant:1 ListedInSceneOutliner:1 IsMainWorldOnly:0 FolderPath:Room1/Walls FolderGuid:EC688EC6415BDE63777E38B840114B0D
 |   |   |- Guid:A7B4C99542E81772FE7467920C01C05C BaseClass: NativeClass:/Script/Engine.DirectionalLight Name:DirectionalLight_0 Label:DirectionalLight SpatiallyLoaded:0 Bounds:IsValid=true, Min=(X=-4398046511104.000 Y=-4398046511104.000 Z=-4398046511104.000), Max=(X=4398046511104.000 Y=4398046511104.000 Z=4398046511104.000) RuntimeGrid:None EditorOnly:0 RuntimeOnly:0 HLODRelevant:0 ListedInSceneOutliner:1 IsMainWorldOnly:0 FolderPath:Lighting+More FolderGuid:963EC3EB4002CCE9759E2EBA541A873A
 |   |   |- Guid:ABA5CA5341C0F142430690BA83388DF5 BaseClass: NativeClass:/Script/Engine.StaticMeshActor Name:StaticMeshActor_UAID_A036BCAD7282B56C02_1343020402 Label:StoneWall4 SpatiallyLoaded:1 Bounds:IsValid=true, Min=(X=-0.064 Y=99.856 Z=-30.000), Max=(X=99.936 Y=1224.856 Z=20.000) RuntimeGrid:None EditorOnly:0 RuntimeOnly:0 HLODRelevant:1 ListedInSceneOutliner:1 IsMainWorldOnly:0 FolderPath:Room1/Walls FolderGuid:EC688EC6415BDE63777E38B840114B0D
 |   |   |- Guid:C5C8A9E844FB497053BF12BF18A9D06B BaseClass: NativeClass:/Script/Engine.StaticMeshActor Name:StaticMeshActor_UAID_A4AE111137DC5EFB00_1110535423 Label:SM_SkySphere SpatiallyLoaded:0 Bounds:IsValid=true, Min=(X=-1638400.000 Y=-1638400.000 Z=-1638400.000), Max=(X=1638400.000 Y=1638400.000 Z=1638400.000) RuntimeGrid:None EditorOnly:0 RuntimeOnly:0 HLODRelevant:1 ListedInSceneOutliner:1 IsMainWorldOnly:0 FolderPath:Lighting+More FolderGuid:963EC3EB4002CCE9759E2EBA541A873A
 |   |   |- Guid:D920FEAA406EE375BDD3C8AC059CC9AA BaseClass: NativeClass:/Script/Engine.SkyLight Name:SkyLight_1 Label:SkyLight SpatiallyLoaded:0 Bounds:IsValid=true, Min=(X=0.000 Y=0.000 Z=690.000), Max=(X=0.000 Y=0.000 Z=690.000) RuntimeGrid:None EditorOnly:0 RuntimeOnly:0 HLODRelevant:0 ListedInSceneOutliner:1 IsMainWorldOnly:0 FolderPath:Lighting+More FolderGuid:963EC3EB4002CCE9759E2EBA541A873A
 |   |   |- Guid:E0432B5948830FB384AD6D82DE23692F BaseClass: NativeClass:/Script/Engine.WorldDataLayers Name:WorldDataLayers Label:WorldDataLayers SpatiallyLoaded:0 Bounds:Invalid RuntimeGrid:None EditorOnly:0 RuntimeOnly:0 HLODRelevant:0 ListedInSceneOutliner:1 IsMainWorldOnly:1 FolderPath:Lighting+More FolderGuid:963EC3EB4002CCE9759E2EBA541A873A
 |   |   |- Guid:E65289F1454D17623BCF45BCAFA969F9 BaseClass: NativeClass:/Script/Engine.StaticMeshActor Name:StaticMeshActor_UAID_A036BCAD7282B56C02_1239797400 Label:StoneWall2 SpatiallyLoaded:1 Bounds:IsValid=true, Min=(X=0.000 Y=1399.371 Z=-30.000), Max=(X=800.000 Y=1499.371 Z=20.000) RuntimeGrid:None EditorOnly:0 RuntimeOnly:0 HLODRelevant:1 ListedInSceneOutliner:1 IsMainWorldOnly:0 FolderPath:Room1/Walls FolderGuid:EC688EC6415BDE63777E38B840114B0D
 |   |   |- Guid:E9485C5D49F6F068B88801A754DBEFD3 BaseClass: NativeClass:/Script/Engine.StaticMeshActor Name:StaticMeshActor_1 Label:WoodenFloor SpatiallyLoaded:1 Bounds:IsValid=true, Min=(X=0.000 Y=0.000 Z=-50.000), Max=(X=800.000 Y=1500.000 Z=-30.000) RuntimeGrid:None EditorOnly:0 RuntimeOnly:0 HLODRelevant:1 ListedInSceneOutliner:1 IsMainWorldOnly:0 FolderPath:Room1 FolderGuid:54EB6A9C41BED8D7A4D226BBF1C358E3
 |   |   |- Guid:FA50A6D74027C24958B005B70F1B1223 BaseClass:/Game/MyAssets/Blueprints/AI/2_Shop/Part1/BasicCustomer/AI_BasicCustomer.AI_BasicCustomer_C NativeClass:/Script/Engine.Character Name:AI_BasicCustomer_C_UAID_A036BCAD7282B66C02_1921284582 Label:AI_BasicCustomer SpatiallyLoaded:1 Bounds:IsValid=true, Min=(X=260.338 Y=1084.431 Z=-30.967), Max=(X=336.077 Y=1196.277 Z=243.387) RuntimeGrid:None EditorOnly:0 RuntimeOnly:0 HLODRelevant:0 ListedInSceneOutliner:1 IsMainWorldOnly:0 FolderPath:Room1 FolderGuid:54EB6A9C41BED8D7A4D226BBF1C358E3
 |   |- [+] Clusters:
 |   |   |- [+] [  0]
 |   |   |   |- Guid:0819266C456C2A7840B3AF96C921D49A BaseClass: NativeClass:/Script/NavigationSystem.NavMeshBoundsVolume Name:NavMeshBoundsVolume_UAID_A036BCAD7282C36C02_1337743864 Label:NavMeshBoundsVolume SpatiallyLoaded:0 Bounds:IsValid=true, Min=(X=-25.000 Y=-35.000 Z=-35.000), Max=(X=825.000 Y=1515.000 Z=15.000) RuntimeGrid:None EditorOnly:0 RuntimeOnly:0 HLODRelevant:0 ListedInSceneOutliner:1 IsMainWorldOnly:0 FolderPath:Room1 FolderGuid:54EB6A9C41BED8D7A4D226BBF1C358E3
 |   |   |- [+] [  1]
 |   |   |   |- Guid:1EF4F7174D2255518C5EEE8AE719935B BaseClass:/Game/MyAssets/Blueprints/Environment/Interactables/2_Shop/Part1/BP_ShopCounter.BP_ShopCounter_C NativeClass:/Script/Engine.Actor Name:BP_ShopCounter_C_UAID_A036BCAD7282B56C02_2055587404 Label:BP_ShopCounter SpatiallyLoaded:1 Bounds:IsValid=true, Min=(X=463.810 Y=99.198 Z=-31.180), Max=(X=563.810 Y=433.266 Z=73.102) RuntimeGrid:None EditorOnly:0 RuntimeOnly:0 HLODRelevant:0 ListedInSceneOutliner:1 IsMainWorldOnly:0 FolderPath:Room1 FolderGuid:54EB6A9C41BED8D7A4D226BBF1C358E3
 |   |   |- [+] [  2]
 |   |   |   |- Guid:2EB1345E46ACBDFE3104D58A7B68FDC7 BaseClass: NativeClass:/Script/Engine.PostProcessVolume Name:PostProcessVolume_0 Label:PostProcessVolume SpatiallyLoaded:0 Bounds:IsValid=true, Min=(X=0.000 Y=0.000 Z=400.000), Max=(X=200.000 Y=200.000 Z=600.000) RuntimeGrid:None EditorOnly:0 RuntimeOnly:0 HLODRelevant:0 ListedInSceneOutliner:1 IsMainWorldOnly:0 FolderPath:Lighting+More FolderGuid:963EC3EB4002CCE9759E2EBA541A873A
 |   |   |- [+] [  3]
 |   |   |   |- Guid:2F32028E4F6DCF275799FAAAC4B70A40 BaseClass: NativeClass:/Script/Engine.StaticMeshActor Name:StaticMeshActor_UAID_A036BCAD7282B56C02_1277495401 Label:StoneWall3 SpatiallyLoaded:1 Bounds:IsValid=true, Min=(X=700.380 Y=99.856 Z=-30.000), Max=(X=800.380 Y=1401.583 Z=20.000) RuntimeGrid:None EditorOnly:0 RuntimeOnly:0 HLODRelevant:1 ListedInSceneOutliner:1 IsMainWorldOnly:0 FolderPath:Room1/Walls FolderGuid:EC688EC6415BDE63777E38B840114B0D
 |   |   |- [+] [  4]
 |   |   |   |- Guid:4A577DAE4E35721094DD36ADE87EFE3D BaseClass: NativeClass:/Script/Engine.PlayerStart Name:PlayerStart_UAID_A036BCAD7282236B02_1220117648 Label:PlayerStart SpatiallyLoaded:0 Bounds:IsValid=true, Min=(X=122.663 Y=715.824 Z=104.526), Max=(X=202.663 Y=795.824 Z=288.526) RuntimeGrid:None EditorOnly:0 RuntimeOnly:0 HLODRelevant:0 ListedInSceneOutliner:1 IsMainWorldOnly:0 FolderPath:Room1 FolderGuid:54EB6A9C41BED8D7A4D226BBF1C358E3
 |   |   |- [+] [  5]
 |   |   |   |- Guid:5D5E86C045B2E8FEF958EC90066153AB BaseClass: NativeClass:/Script/Engine.VolumetricCloud Name:VolumetricCloud_0 Label:VolumetricCloud SpatiallyLoaded:0 Bounds:IsValid=true, Min=(X=0.000 Y=0.000 Z=820.000), Max=(X=0.000 Y=0.000 Z=820.000) RuntimeGrid:None EditorOnly:0 RuntimeOnly:0 HLODRelevant:0 ListedInSceneOutliner:1 IsMainWorldOnly:0 FolderPath:Lighting+More FolderGuid:963EC3EB4002CCE9759E2EBA541A873A
 |   |   |- [+] [  6]
 |   |   |   |- Guid:7660C8944E2912C1E6CF0081C1C02058 BaseClass: NativeClass:/Script/NavigationSystem.RecastNavMesh Name:RecastNavMesh_UAID_A036BCAD7282C36C02-Default Label:RecastNavMesh-Default SpatiallyLoaded:0 Bounds:IsValid=true, Min=(X=0.000 Y=0.000 Z=0.000), Max=(X=0.000 Y=0.000 Z=0.000) RuntimeGrid:None EditorOnly:0 RuntimeOnly:0 HLODRelevant:0 ListedInSceneOutliner:1 IsMainWorldOnly:0 FolderPath:Room1 FolderGuid:54EB6A9C41BED8D7A4D226BBF1C358E3
 |   |   |- [+] [  7]
 |   |   |   |- Guid:77388EE146B5E0A40BE1F5958DB39E3A BaseClass:/Game/MyAssets/Blueprints/AI/2_Shop/Part1/AI_ShopKeeper.AI_ShopKeeper_C NativeClass:/Script/Engine.Character Name:AI_ShopKeeper_C_UAID_A036BCAD7282B66C02_1281040581 Label:AI_ShopKeeper SpatiallyLoaded:1 Bounds:IsValid=true, Min=(X=603.082 Y=247.064 Z=-30.967), Max=(X=678.821 Y=358.910 Z=243.387) RuntimeGrid:None EditorOnly:0 RuntimeOnly:0 HLODRelevant:0 ListedInSceneOutliner:1 IsMainWorldOnly:0 FolderPath:Room1 FolderGuid:54EB6A9C41BED8D7A4D226BBF1C358E3
 |   |   |- [+] [  8]
 |   |   |   |- Guid:7AFCC0E146791856FDD291B7558CEFBC BaseClass: NativeClass:/Script/Engine.ExponentialHeightFog Name:ExponentialHeightFog_0 Label:ExponentialHeightFog SpatiallyLoaded:0 Bounds:IsValid=true, Min=(X=-5600.000 Y=-50.000 Z=-6850.000), Max=(X=-5600.000 Y=-50.000 Z=-6850.000) RuntimeGrid:None EditorOnly:0 RuntimeOnly:0 HLODRelevant:0 ListedInSceneOutliner:1 IsMainWorldOnly:0 FolderPath:Lighting+More FolderGuid:963EC3EB4002CCE9759E2EBA541A873A
 |   |   |- [+] [  9]
 |   |   |   |- Guid:8A36FE0E462560352E548CA1866DA24A BaseClass: NativeClass:/Script/Engine.SkyAtmosphere Name:SkyAtmosphere_0 Label:SkyAtmosphere SpatiallyLoaded:0 Bounds:IsValid=true, Min=(X=0.000 Y=0.000 Z=1020.000), Max=(X=0.000 Y=0.000 Z=1020.000) RuntimeGrid:None EditorOnly:0 RuntimeOnly:0 HLODRelevant:0 ListedInSceneOutliner:1 IsMainWorldOnly:0 FolderPath:Lighting+More FolderGuid:963EC3EB4002CCE9759E2EBA541A873A
 |   |   |- [+] [ 10]
 |   |   |   |- Guid:98ED709645202B5ACEC5F29E2796893F BaseClass: NativeClass:/Script/Engine.StaticMeshActor Name:StaticMeshActor_UAID_A036BCAD7282B46C02_2132189223 Label:StoneWall SpatiallyLoaded:1 Bounds:IsValid=true, Min=(X=0.000 Y=-0.000 Z=-30.000), Max=(X=800.000 Y=100.000 Z=20.000) RuntimeGrid:None EditorOnly:0 RuntimeOnly:0 HLODRelevant:1 ListedInSceneOutliner:1 IsMainWorldOnly:0 FolderPath:Room1/Walls FolderGuid:EC688EC6415BDE63777E38B840114B0D
 |   |   |- [+] [ 11]
 |   |   |   |- Guid:A7B4C99542E81772FE7467920C01C05C BaseClass: NativeClass:/Script/Engine.DirectionalLight Name:DirectionalLight_0 Label:DirectionalLight SpatiallyLoaded:0 Bounds:IsValid=true, Min=(X=-4398046511104.000 Y=-4398046511104.000 Z=-4398046511104.000), Max=(X=4398046511104.000 Y=4398046511104.000 Z=4398046511104.000) RuntimeGrid:None EditorOnly:0 RuntimeOnly:0 HLODRelevant:0 ListedInSceneOutliner:1 IsMainWorldOnly:0 FolderPath:Lighting+More FolderGuid:963EC3EB4002CCE9759E2EBA541A873A
 |   |   |- [+] [ 12]
 |   |   |   |- Guid:ABA5CA5341C0F142430690BA83388DF5 BaseClass: NativeClass:/Script/Engine.StaticMeshActor Name:StaticMeshActor_UAID_A036BCAD7282B56C02_1343020402 Label:StoneWall4 SpatiallyLoaded:1 Bounds:IsValid=true, Min=(X=-0.064 Y=99.856 Z=-30.000), Max=(X=99.936 Y=1224.856 Z=20.000) RuntimeGrid:None EditorOnly:0 RuntimeOnly:0 HLODRelevant:1 ListedInSceneOutliner:1 IsMainWorldOnly:0 FolderPath:Room1/Walls FolderGuid:EC688EC6415BDE63777E38B840114B0D
 |   |   |- [+] [ 13]
 |   |   |   |- Guid:C5C8A9E844FB497053BF12BF18A9D06B BaseClass: NativeClass:/Script/Engine.StaticMeshActor Name:StaticMeshActor_UAID_A4AE111137DC5EFB00_1110535423 Label:SM_SkySphere SpatiallyLoaded:0 Bounds:IsValid=true, Min=(X=-1638400.000 Y=-1638400.000 Z=-1638400.000), Max=(X=1638400.000 Y=1638400.000 Z=1638400.000) RuntimeGrid:None EditorOnly:0 RuntimeOnly:0 HLODRelevant:1 ListedInSceneOutliner:1 IsMainWorldOnly:0 FolderPath:Lighting+More FolderGuid:963EC3EB4002CCE9759E2EBA541A873A
 |   |   |- [+] [ 14]
 |   |   |   |- Guid:D920FEAA406EE375BDD3C8AC059CC9AA BaseClass: NativeClass:/Script/Engine.SkyLight Name:SkyLight_1 Label:SkyLight SpatiallyLoaded:0 Bounds:IsValid=true, Min=(X=0.000 Y=0.000 Z=690.000), Max=(X=0.000 Y=0.000 Z=690.000) RuntimeGrid:None EditorOnly:0 RuntimeOnly:0 HLODRelevant:0 ListedInSceneOutliner:1 IsMainWorldOnly:0 FolderPath:Lighting+More FolderGuid:963EC3EB4002CCE9759E2EBA541A873A
 |   |   |- [+] [ 15]
 |   |   |   |- Guid:E0432B5948830FB384AD6D82DE23692F BaseClass: NativeClass:/Script/Engine.WorldDataLayers Name:WorldDataLayers Label:WorldDataLayers SpatiallyLoaded:0 Bounds:Invalid RuntimeGrid:None EditorOnly:0 RuntimeOnly:0 HLODRelevant:0 ListedInSceneOutliner:1 IsMainWorldOnly:1 FolderPath:Lighting+More FolderGuid:963EC3EB4002CCE9759E2EBA541A873A
 |   |   |- [+] [ 16]
 |   |   |   |- Guid:E65289F1454D17623BCF45BCAFA969F9 BaseClass: NativeClass:/Script/Engine.StaticMeshActor Name:StaticMeshActor_UAID_A036BCAD7282B56C02_1239797400 Label:StoneWall2 SpatiallyLoaded:1 Bounds:IsValid=true, Min=(X=0.000 Y=1399.371 Z=-30.000), Max=(X=800.000 Y=1499.371 Z=20.000) RuntimeGrid:None EditorOnly:0 RuntimeOnly:0 HLODRelevant:1 ListedInSceneOutliner:1 IsMainWorldOnly:0 FolderPath:Room1/Walls FolderGuid:EC688EC6415BDE63777E38B840114B0D
 |   |   |- [+] [ 17]
 |   |   |   |- Guid:E9485C5D49F6F068B88801A754DBEFD3 BaseClass: NativeClass:/Script/Engine.StaticMeshActor Name:StaticMeshActor_1 Label:WoodenFloor SpatiallyLoaded:1 Bounds:IsValid=true, Min=(X=0.000 Y=0.000 Z=-50.000), Max=(X=800.000 Y=1500.000 Z=-30.000) RuntimeGrid:None EditorOnly:0 RuntimeOnly:0 HLODRelevant:1 ListedInSceneOutliner:1 IsMainWorldOnly:0 FolderPath:Room1 FolderGuid:54EB6A9C41BED8D7A4D226BBF1C358E3
 |   |   |- [+] [ 18]
 |   |   |   |- Guid:FA50A6D74027C24958B005B70F1B1223 BaseClass:/Game/MyAssets/Blueprints/AI/2_Shop/Part1/BasicCustomer/AI_BasicCustomer.AI_BasicCustomer_C NativeClass:/Script/Engine.Character Name:AI_BasicCustomer_C_UAID_A036BCAD7282B66C02_1921284582 Label:AI_BasicCustomer SpatiallyLoaded:1 Bounds:IsValid=true, Min=(X=260.338 Y=1084.431 Z=-30.967), Max=(X=336.077 Y=1196.277 Z=243.387) RuntimeGrid:None EditorOnly:0 RuntimeOnly:0 HLODRelevant:0 ListedInSceneOutliner:1 IsMainWorldOnly:0 FolderPath:Room1 FolderGuid:54EB6A9C41BED8D7A4D226BBF1C358E3
 |- ContainerInstances:
 |- [+] MainContainer:
 |   |-        ID: 00000000000000000000000000000000
 |   |-  ParentID: 00000000000000000000000000000000
 |   |-    Bounds: IsValid=false, Min=(X=0.000 Y=0.000 Z=0.000), Max=(X=0.000 Y=0.000 Z=0.000)
 |   |- Transform: 0.000000,0.000000,0.000000|0.000000,0.000000,-0.000000|1.000000,1.000000,1.000000
 |   |- Container: /Game/MyAssets/Maps/2_Shop/Part1/Map_2_Shop_P1
----------------------------------------------------------------------------------------------------------------
Map_2_Shop_P1 - Persistent Level
----------------------------------------------------------------------------------------------------------------
[+] Content of Map_2_Shop_P1 Persistent Level
 |- Always loaded Actor Count: 26 
 |- Actor Path: /Game/MyAssets/Maps/2_Shop/Part1/Map_2_Shop_P1.Map_2_Shop_P1:PersistentLevel.AbstractNavData-Default
 |- Actor Package: /Game/MyAssets/Maps/2_Shop/Part1/Map_2_Shop_P1
 |- Actor Path: /Game/MyAssets/Maps/2_Shop/Part1/Map_2_Shop_P1.Map_2_Shop_P1:PersistentLevel.AI_BasicCustomer_C_UAID_A036BCAD7282B66C02_1921284582
 |- Actor Package: /Game/__ExternalActors__/MyAssets/Maps/2_Shop/Part1/Map_2_Shop_P1/D/WF/FP7XP8UFILOKXERJHUO48G
 |- Actor Path: /Game/MyAssets/Maps/2_Shop/Part1/Map_2_Shop_P1.Map_2_Shop_P1:PersistentLevel.AI_ShopKeeper_C_UAID_A036BCAD7282B66C02_1281040581
 |- Actor Package: /Game/__ExternalActors__/MyAssets/Maps/2_Shop/Part1/Map_2_Shop_P1/A/V2/RUOGHQCPNK8XZJZF5N3S1W
 |- Actor Path: /Game/MyAssets/Maps/2_Shop/Part1/Map_2_Shop_P1.Map_2_Shop_P1:PersistentLevel.BP_ShopCounter_C_UAID_A036BCAD7282B56C02_2055587404
 |- Actor Package: /Game/__ExternalActors__/MyAssets/Maps/2_Shop/Part1/Map_2_Shop_P1/7/R0/BJ4IBJA81RT2ROFCB8IZ69
 |- Actor Path: /Game/MyAssets/Maps/2_Shop/Part1/Map_2_Shop_P1.Map_2_Shop_P1:PersistentLevel.Brush_0
 |- Actor Package: /Game/MyAssets/Maps/2_Shop/Part1/Map_2_Shop_P1
 |- Actor Path: /Game/MyAssets/Maps/2_Shop/Part1/Map_2_Shop_P1.Map_2_Shop_P1:PersistentLevel.DefaultPhysicsVolume_0
 |- Actor Package: /Game/MyAssets/Maps/2_Shop/Part1/Map_2_Shop_P1
 |- Actor Path: /Game/MyAssets/Maps/2_Shop/Part1/Map_2_Shop_P1.Map_2_Shop_P1:PersistentLevel.DirectionalLight_0
 |- Actor Package: /Game/__ExternalActors__/MyAssets/Maps/2_Shop/Part1/Map_2_Shop_P1/A/44/LP3GUCA8ZYOC812J4SAH7I
 |- Actor Path: /Game/MyAssets/Maps/2_Shop/Part1/Map_2_Shop_P1.Map_2_Shop_P1:PersistentLevel.ExponentialHeightFog_0
 |- Actor Package: /Game/__ExternalActors__/MyAssets/Maps/2_Shop/Part1/Map_2_Shop_P1/E/ZG/2TJQWOYVG7UK0ZYWDQMLBO
 |- Actor Path: /Game/MyAssets/Maps/2_Shop/Part1/Map_2_Shop_P1.Map_2_Shop_P1:PersistentLevel.GameplayDebuggerPlayerManager_0
 |- Actor Package: /Game/MyAssets/Maps/2_Shop/Part1/Map_2_Shop_P1
 |- Actor Path: /Game/MyAssets/Maps/2_Shop/Part1/Map_2_Shop_P1.Map_2_Shop_P1:PersistentLevel.Map_2Shop_P1_C_1
 |- Actor Package: /Game/MyAssets/Maps/2_Shop/Part1/Map_2_Shop_P1
 |- Actor Path: /Game/MyAssets/Maps/2_Shop/Part1/Map_2_Shop_P1.Map_2_Shop_P1:PersistentLevel.NavMeshBoundsVolume_UAID_A036BCAD7282C36C02_1337743864
 |- Actor Package: /Game/__ExternalActors__/MyAssets/Maps/2_Shop/Part1/Map_2_Shop_P1/C/TP/KRVYW07OI01UNTCZGDZE6U
 |- Actor Path: /Game/MyAssets/Maps/2_Shop/Part1/Map_2_Shop_P1.Map_2_Shop_P1:PersistentLevel.PlayerStart_UAID_A036BCAD7282236B02_1220117648
 |- Actor Package: /Game/__ExternalActors__/MyAssets/Maps/2_Shop/Part1/Map_2_Shop_P1/5/RQ/SEE6N5KUO5WJFKQDELV3DY
 |- Actor Path: /Game/MyAssets/Maps/2_Shop/Part1/Map_2_Shop_P1.Map_2_Shop_P1:PersistentLevel.PostProcessVolume_0
 |- Actor Package: /Game/__ExternalActors__/MyAssets/Maps/2_Shop/Part1/Map_2_Shop_P1/1/O1/GFA7KMCUIQCG22NZD754K0
 |- Actor Path: /Game/MyAssets/Maps/2_Shop/Part1/Map_2_Shop_P1.Map_2_Shop_P1:PersistentLevel.RecastNavMesh_UAID_A036BCAD7282C36C02-Default
 |- Actor Package: /Game/__ExternalActors__/MyAssets/Maps/2_Shop/Part1/Map_2_Shop_P1/7/DW/8B27HKNJV4WVMXPFTMJ7LG
 |- Actor Path: /Game/MyAssets/Maps/2_Shop/Part1/Map_2_Shop_P1.Map_2_Shop_P1:PersistentLevel.SkyAtmosphere_0
 |- Actor Package: /Game/__ExternalActors__/MyAssets/Maps/2_Shop/Part1/Map_2_Shop_P1/1/6P/E7TWHOAR19YOVWPDSIXTF9
 |- Actor Path: /Game/MyAssets/Maps/2_Shop/Part1/Map_2_Shop_P1.Map_2_Shop_P1:PersistentLevel.SkyLight_1
 |- Actor Package: /Game/__ExternalActors__/MyAssets/Maps/2_Shop/Part1/Map_2_Shop_P1/B/RF/SQBYUCMIKMRLTO25BIMYIX
 |- Actor Path: /Game/MyAssets/Maps/2_Shop/Part1/Map_2_Shop_P1.Map_2_Shop_P1:PersistentLevel.StaticMeshActor_1
 |- Actor Package: /Game/__ExternalActors__/MyAssets/Maps/2_Shop/Part1/Map_2_Shop_P1/4/R7/1DGXKJPF5FXGCDL7VK6H2B
 |- Actor Path: /Game/MyAssets/Maps/2_Shop/Part1/Map_2_Shop_P1.Map_2_Shop_P1:PersistentLevel.StaticMeshActor_UAID_A036BCAD7282B46C02_2132189223
 |- Actor Package: /Game/__ExternalActors__/MyAssets/Maps/2_Shop/Part1/Map_2_Shop_P1/7/K7/XCN905TJA3ZERB3ZRF7P9X
 |- Actor Path: /Game/MyAssets/Maps/2_Shop/Part1/Map_2_Shop_P1.Map_2_Shop_P1:PersistentLevel.StaticMeshActor_UAID_A036BCAD7282B56C02_1239797400
 |- Actor Package: /Game/__ExternalActors__/MyAssets/Maps/2_Shop/Part1/Map_2_Shop_P1/2/2Y/PHWBCM6T29J3NFCZUDP71W
 |- Actor Path: /Game/MyAssets/Maps/2_Shop/Part1/Map_2_Shop_P1.Map_2_Shop_P1:PersistentLevel.StaticMeshActor_UAID_A036BCAD7282B56C02_1277495401
 |- Actor Package: /Game/__ExternalActors__/MyAssets/Maps/2_Shop/Part1/Map_2_Shop_P1/6/6B/E4CDWH272E2WETJP0OHL5G
 |- Actor Path: /Game/MyAssets/Maps/2_Shop/Part1/Map_2_Shop_P1.Map_2_Shop_P1:PersistentLevel.StaticMeshActor_UAID_A036BCAD7282B56C02_1343020402
 |- Actor Package: /Game/__ExternalActors__/MyAssets/Maps/2_Shop/Part1/Map_2_Shop_P1/7/4L/MUJQKNOAP7Y45RNU1T1TY4
 |- Actor Path: /Game/MyAssets/Maps/2_Shop/Part1/Map_2_Shop_P1.Map_2_Shop_P1:PersistentLevel.StaticMeshActor_UAID_A4AE111137DC5EFB00_1110535423
 |- Actor Package: /Game/__ExternalActors__/MyAssets/Maps/2_Shop/Part1/Map_2_Shop_P1/9/T9/HMNONJ1BY1WBCN95PIF6F4
 |- Actor Path: /Game/MyAssets/Maps/2_Shop/Part1/Map_2_Shop_P1.Map_2_Shop_P1:PersistentLevel.VolumetricCloud_0
 |- Actor Package: /Game/__ExternalActors__/MyAssets/Maps/2_Shop/Part1/Map_2_Shop_P1/3/50/0D9GLBBFT3FP7NCH6L8416
 |- Actor Path: /Game/MyAssets/Maps/2_Shop/Part1/Map_2_Shop_P1.Map_2_Shop_P1:PersistentLevel.WorldDataLayers
 |- Actor Package: /Game/__ExternalActors__/MyAssets/Maps/2_Shop/Part1/Map_2_Shop_P1/A/V3/LQ9BY6OF7TCIAJW2X4FCDD
 |- Actor Path: /Game/MyAssets/Maps/2_Shop/Part1/Map_2_Shop_P1.Map_2_Shop_P1:PersistentLevel.WorldInfo_0
 |- Actor Package: /Game/MyAssets/Maps/2_Shop/Part1/Map_2_Shop_P1
 |- Actor Path: /Game/MyAssets/Maps/2_Shop/Part1/Map_2_Shop_P1.Map_2_Shop_P1:PersistentLevel.WorldPartitionMiniMap_0
 |- Actor Package: /Game/__ExternalActors__/MyAssets/Maps/2_Shop/Part1/Map_2_Shop_P1/4/FC/SFX7VAHE9BXA4SL428LEZX

----------------------------------------------------------------------------------------------------------------
Map_2_Shop_P1 - Runtime Spatial Hash - Streaming Grid - MainGrid
----------------------------------------------------------------------------------------------------------------
            Origin: X=0.000 Y=0.000 Z=0.000
         Cell Size: 12800
      World Bounds: IsValid=false, Min=(X=0.000 Y=0.000 Z=0.000), Max=(X=0.000 Y=0.000 Z=0.000)
     Loading Range: 25600.00
Block Slow Loading: No
 ClientOnlyVisible: No
            Origin: X=0.000 Y=0.000 Z=0.000

[+] Grid Levels: 1
 |- Level  0: Cell Count    0 | Cell Size   12800 | Actor Count    0 (0.0%)

[+] Content of Grid Level 0

